Detecting compiler hash for triplet x64-linux...
Compiler found: /usr/bin/c++
The following packages will be built and installed:
    ffmpeg[avcodec,avdevice,avfilter,avformat,core,openh264,swresample,swscale]:x64-linux@8.0.1#2
  * ffmpeg-bin2c:x64-linux@8.0.1
  * fmt:x64-linux@12.1.0
    gtest:x64-linux@1.17.0#2
    libdatachannel[core,srtp,ws]:x64-linux@0.24.1
    libjuice:x64-linux@1.7.0
    libsrtp:x64-linux@2.8.0
  * nlohmann-json:x64-linux@3.12.0#2
  * openh264:x64-linux@2.6.0#4
    openssl:x64-linux@3.6.1#3
  * pkgconf:x64-linux@2.5.1#4
  * plog:x64-linux@1.1.11
    spdlog[core,fmt,tz-offset]:x64-linux@1.17.0
    tomlplusplus:x64-linux@3.4.0#1
  * usrsctp:x64-linux@0.9.5.0#4
  * vcpkg-cmake:x64-linux@2024-04-23
  * vcpkg-cmake-config:x64-linux@2024-05-23
  * vcpkg-cmake-get-vars:x64-linux@2025-05-29
  * vcpkg-pkgconfig-get-modules:x64-linux@2024-04-03
  * vcpkg-tool-meson:x64-linux@1.9.0#4
Additional packages (*) will be modified to complete this operation.
Restored 20 package(s) from /root/.cache/vcpkg/archives in 2.6 s. Use --debug to see more details.
Installing 1/20 vcpkg-cmake:x64-linux@2024-04-23...
vcpkg-cmake:x64-linux@2024-04-23 package ABI: f7cbaf4a1eecbbb1579be1e8dbbd016626910498335b8370236a4219615937b6
Elapsed time to handle vcpkg-cmake:x64-linux: 1.48 ms
Installing 2/20 vcpkg-cmake-get-vars:x64-linux@2025-05-29...
vcpkg-cmake-get-vars:x64-linux@2025-05-29 package ABI: 9601f3d976f1c6bc60850868da9e9e409bedf5fe9e7a91f8f973ebfbb75e58fb
Elapsed time to handle vcpkg-cmake-get-vars:x64-linux: 1.01 ms
Installing 3/20 vcpkg-tool-meson:x64-linux@1.9.0#4...
vcpkg-tool-meson:x64-linux@1.9.0#4 package ABI: b8292b6d75e429cefbee61c63f67b209b7558fba8230687e03b88e363b90b6b9
Elapsed time to handle vcpkg-tool-meson:x64-linux: 1.05 ms
Installing 4/20 openh264:x64-linux@2.6.0#4...
openh264:x64-linux@2.6.0#4 package ABI: 5ec921e67e2d61ce82f5518a19c525aa1cdb584fc5585aec59ef24a6d15787a1
Elapsed time to handle openh264:x64-linux: 9.28 ms
Installing 5/20 pkgconf:x64-linux@2.5.1#4...
pkgconf:x64-linux@2.5.1#4 package ABI: e9c4746d94110466bcc333c70a62f082a78565f9efe14840781a3ffc6987b5d5
Elapsed time to handle pkgconf:x64-linux: 2.08 ms
Installing 6/20 vcpkg-pkgconfig-get-modules:x64-linux@2024-04-03...
vcpkg-pkgconfig-get-modules:x64-linux@2024-04-03 package ABI: 563ececc3595ea86b6a7ad30f9700b3dbfc381679594894db403e3a8f41766e0
Elapsed time to handle vcpkg-pkgconfig-get-modules:x64-linux: 750 us
Installing 7/20 ffmpeg-bin2c:x64-linux@8.0.1...
ffmpeg-bin2c:x64-linux@8.0.1 package ABI: 8c8d9eb946c6a1668f3b4e29ba248d16f0544b4825a680881c3c13ec941d7a8f
Elapsed time to handle ffmpeg-bin2c:x64-linux: 767 us
Installing 8/20 ffmpeg[avcodec,avdevice,avfilter,avformat,core,openh264,swresample,swscale]:x64-linux@8.0.1#2...
ffmpeg[avcodec,avdevice,avfilter,avformat,core,openh264,swresample,swscale]:x64-linux@8.0.1#2 package ABI: abb0c28ef8752099a7fe4c334bdf1fc22953d522b5af80bfd59b375b0b826e9a
Elapsed time to handle ffmpeg:x64-linux: 225 ms
Installing 9/20 vcpkg-cmake-config:x64-linux@2024-05-23...
vcpkg-cmake-config:x64-linux@2024-05-23 package ABI: 938b5e1dc7ceacf08654bef246055524d658786b56f39c96f3b23d2de8d063d3
Elapsed time to handle vcpkg-cmake-config:x64-linux: 1.14 ms
Installing 10/20 gtest:x64-linux@1.17.0#2...
gtest:x64-linux@1.17.0#2 package ABI: 4cc21124af27493ac1787e1dc10c3210a797392776b8c63de971fa570703f0b9
Elapsed time to handle gtest:x64-linux: 8.01 ms
Installing 11/20 libsrtp:x64-linux@2.8.0...
libsrtp:x64-linux@2.8.0 package ABI: 2f17e6d79f5059d75055d4e9627387d569ee78575159a09aaf2c4fa7eb2382ee
Elapsed time to handle libsrtp:x64-linux: 1.78 ms
Installing 12/20 usrsctp:x64-linux@0.9.5.0#4...
usrsctp:x64-linux@0.9.5.0#4 package ABI: 3f37c235f8b9df5f8e39dbc9c16a03a9983b9be22b64d23a7ae3ac17eb6c25aa
Elapsed time to handle usrsctp:x64-linux: 4.25 ms
Installing 13/20 plog:x64-linux@1.1.11...
plog:x64-linux@1.1.11 package ABI: 35fc175e021bf403c5a8d4dff6728c6f654e4b535e52c389c56e6245e2d75ce7
Elapsed time to handle plog:x64-linux: 4.38 ms
Installing 14/20 openssl:x64-linux@3.6.1#3...
openssl:x64-linux@3.6.1#3 package ABI: 69844102458ef938b827bab598c149f9965884ffd00636336fe448d576b92f31
Elapsed time to handle openssl:x64-linux: 35.7 ms
Installing 15/20 nlohmann-json:x64-linux@3.12.0#2...
nlohmann-json:x64-linux@3.12.0#2 package ABI: 7c59e96fb888e0ebadae627a6d1585275bf361667cc118fbee8aa504d7843976
Elapsed time to handle nlohmann-json:x64-linux: 4.51 ms
Installing 16/20 libjuice:x64-linux@1.7.0...
libjuice:x64-linux@1.7.0 package ABI: c83430230e8f6a6968127f9cbc4a69b11800431169671915a0eb531097887f45
Elapsed time to handle libjuice:x64-linux: 2.69 ms
Installing 17/20 libdatachannel[core,srtp,ws]:x64-linux@0.24.1...
libdatachannel[core,srtp,ws]:x64-linux@0.24.1 package ABI: e8443c3d24717c06eb4ea9a09edb78523a5a3d31cf5f579e84bbeaa48d4ea7f6
Elapsed time to handle libdatachannel:x64-linux: 99.7 ms
Installing 18/20 fmt:x64-linux@12.1.0...
fmt:x64-linux@12.1.0 package ABI: e19e0e090d40221e10cca54b0bfb3229a360f288764d3d2e890ed961c0d29eff
Elapsed time to handle fmt:x64-linux: 4.34 ms
Installing 19/20 spdlog[core,fmt,tz-offset]:x64-linux@1.17.0...
spdlog[core,fmt,tz-offset]:x64-linux@1.17.0 package ABI: 567bbb4b8d04352e01dab305de65d578bdb0ac9a9322ab9fceff36353aa6500d
Elapsed time to handle spdlog:x64-linux: 19.6 ms
Installing 20/20 tomlplusplus:x64-linux@3.4.0#1...
tomlplusplus:x64-linux@3.4.0#1 package ABI: 9ff63a99c384e549b37074db4c5d1629be1b24b2b414f9f09f93c998de525ff3
Elapsed time to handle tomlplusplus:x64-linux: 9.03 ms
Installed contents are licensed to you by owners. Microsoft is not responsible for, nor does it grant any licenses to, third-party packages.
Some packages did not declare an SPDX license. Check the `copyright` file for each package for more information about their licensing.
Packages installed in this vcpkg installation declare the following licenses:
Apache-2.0
BSD-2-Clause
BSD-3-Clause
LGPL-2.1-only
LGPL-2.1-or-later
MIT
MPL-2.0
ffmpeg provides CMake integration:

  find_package(FFMPEG REQUIRED)
  target_include_directories(main PRIVATE ${FFMPEG_INCLUDE_DIRS})
  target_link_directories(main PRIVATE ${FFMPEG_LIBRARY_DIRS})
  target_link_libraries(main PRIVATE ${FFMPEG_LIBRARIES})

ffmpeg provides pkg-config modules:

  # FFmpeg codec library
  libavcodec

  # FFmpeg device handling library
  libavdevice

  # FFmpeg audio/video filtering library
  libavfilter

  # FFmpeg container format library
  libavformat

  # FFmpeg utility library
  libavutil

  # FFmpeg audio resampling library
  libswresample

  # FFmpeg image rescaling library
  libswscale

To use the static libraries to build your own shared library,
you may need to add the following link option for your library:

  -Wl,-Bsymbolic

The package gtest is compatible with built-in CMake targets:

    enable_testing()
    
    find_package(GTest CONFIG REQUIRED)
    target_link_libraries(main PRIVATE GTest::gtest GTest::gtest_main GTest::gmock GTest::gmock_main)
    
    add_test(AllTestsInMain main)

libsrtp provides CMake targets:

  # this is heuristically generated, and may not be correct
  find_package(libSRTP CONFIG REQUIRED)
  target_link_libraries(main PRIVATE libSRTP::srtp2)

libsrtp provides pkg-config modules:

  # Library for SRTP (Secure Realtime Transport Protocol)
  libsrtp2

openssl is compatible with built-in CMake targets:

  find_package(OpenSSL REQUIRED)
  target_link_libraries(main PRIVATE OpenSSL::SSL)
  target_link_libraries(main PRIVATE OpenSSL::Crypto)

libjuice provides CMake targets:

  # this is heuristically generated, and may not be correct
  find_package(LibJuice CONFIG REQUIRED)
  target_link_libraries(main PRIVATE LibJuice::LibJuice)

libdatachannel provides CMake targets:

  # this is heuristically generated, and may not be correct
  find_package(LibDataChannel CONFIG REQUIRED)
  target_link_libraries(main PRIVATE LibDataChannel::LibDataChannel)

The package spdlog provides CMake targets:

    find_package(spdlog CONFIG REQUIRED)
    target_link_libraries(main PRIVATE spdlog::spdlog)

    # Or use the header-only version
    find_package(spdlog CONFIG REQUIRED)
    target_link_libraries(main PRIVATE spdlog::spdlog_header_only)

tomlplusplus provides CMake targets:

  # this is heuristically generated, and may not be correct
  find_package(tomlplusplus CONFIG REQUIRED)
  target_link_libraries(main PRIVATE tomlplusplus::tomlplusplus)

tomlplusplus provides pkg-config modules:

  # TOML config file parser and serializer for C++
  tomlplusplus

All requested installations completed successfully in: 440 ms
